2020-12-24 08:35:46.834  WARN 17532 --- [HikariPool-1 housekeeper] com.zaxxer.hikari.pool.HikariPool        : HikariPool-1 - Thread starvation or clock leap detected (housekeeper delta=9h23m50s83ms763µs800ns).
2020-12-24 09:43:11.052  INFO 19484 --- [restartedMain] c.b.a.AddressBookApplication             : Starting AddressBookApplication using Java 11.0.8 on MSI with PID 19484 (C:\Users\aaada\Dev\eclipse-workspace\AddressBookApplication\target\classes started by aaada in C:\Users\aaada\Dev\eclipse-workspace\AddressBookApplication)
2020-12-24 09:43:11.056 DEBUG 19484 --- [restartedMain] c.b.a.AddressBookApplication             : Running with Spring Boot v2.4.1, Spring v5.3.2
2020-12-24 09:43:11.056  INFO 19484 --- [restartedMain] c.b.a.AddressBookApplication             : The following profiles are active: dev
2020-12-24 09:43:14.885  WARN 19484 --- [restartedMain] JpaBaseConfiguration$JpaWebConfiguration : spring.jpa.open-in-view is enabled by default. Therefore, database queries may be performed during view rendering. Explicitly configure spring.jpa.open-in-view to disable this warning
2020-12-24 09:43:15.295  INFO 19484 --- [restartedMain] c.b.a.AddressBookApplication             : Started AddressBookApplication in 4.684 seconds (JVM running for 6.237)
2020-12-24 09:43:15.300  INFO 19484 --- [restartedMain] c.b.a.AddressBookApplication             : AddressBook Application Started in DEV Environment
2020-12-24 09:43:15.301  INFO 19484 --- [restartedMain] c.b.a.AddressBookApplication             : AddressBook DB User is addressbookuser Environment
2020-12-24 09:55:01.238  WARN 19484 --- [http-nio-8080-exec-3] .m.m.a.ExceptionHandlerExceptionResolver : Resolved [org.springframework.web.bind.MethodArgumentNotValidException: Validation failed for argument [0] in public org.springframework.http.ResponseEntity<com.bridgelabz.addressbookapp.dto.ResponseDTO> com.bridgelabz.addressbookapp.controllers.AddressBookController.addAddressBookContactData(com.bridgelabz.addressbookapp.dto.AddressBookDTO): [Field error in object 'addressBookDTO' on field 'fullName': rejected value [Alok]; codes [Pattern.addressBookDTO.fullName,Pattern.fullName,Pattern.java.lang.String,Pattern]; arguments [org.springframework.context.support.DefaultMessageSourceResolvable: codes [addressBookDTO.fullName,fullName]; arguments []; default message [fullName],[Ljavax.validation.constraints.Pattern$Flag;@23d1d5dc,^[A-Z]{1}[a-zA-Z\s]{2,}[ ][A-Z]{1}[a-zA-Z\s]{2,}$]; default message [Invalid FullName]] ]
2020-12-24 12:50:05.520  INFO 23020 --- [restartedMain] c.b.a.AddressBookApplication             : Starting AddressBookApplication using Java 11.0.8 on MSI with PID 23020 (C:\Users\aaada\Dev\eclipse-workspace\AddressBookApplication\target\classes started by aaada in C:\Users\aaada\Dev\eclipse-workspace\AddressBookApplication)
2020-12-24 12:50:05.529 DEBUG 23020 --- [restartedMain] c.b.a.AddressBookApplication             : Running with Spring Boot v2.4.1, Spring v5.3.2
2020-12-24 12:50:05.530  INFO 23020 --- [restartedMain] c.b.a.AddressBookApplication             : The following profiles are active: dev
2020-12-24 12:50:12.128  WARN 23020 --- [restartedMain] JpaBaseConfiguration$JpaWebConfiguration : spring.jpa.open-in-view is enabled by default. Therefore, database queries may be performed during view rendering. Explicitly configure spring.jpa.open-in-view to disable this warning
2020-12-24 12:50:12.756  INFO 23020 --- [restartedMain] c.b.a.AddressBookApplication             : Started AddressBookApplication in 8.13 seconds (JVM running for 10.352)
2020-12-24 12:50:12.759  INFO 23020 --- [restartedMain] c.b.a.AddressBookApplication             : AddressBook Application Started in DEV Environment
2020-12-24 12:50:12.761  INFO 23020 --- [restartedMain] c.b.a.AddressBookApplication             : AddressBook DB User is addressbookuser Environment
2020-12-24 18:48:04.801  INFO 4116 --- [restartedMain] c.b.a.AddressBookApplication             : Starting AddressBookApplication using Java 11.0.8 on MSI with PID 4116 (C:\Users\aaada\Dev\eclipse-workspace\AddressBookApplication\target\classes started by aaada in C:\Users\aaada\Dev\eclipse-workspace\AddressBookApplication)
2020-12-24 18:48:04.804 DEBUG 4116 --- [restartedMain] c.b.a.AddressBookApplication             : Running with Spring Boot v2.4.1, Spring v5.3.2
2020-12-24 18:48:04.804  INFO 4116 --- [restartedMain] c.b.a.AddressBookApplication             : The following profiles are active: dev
2020-12-24 18:48:08.118  WARN 4116 --- [restartedMain] JpaBaseConfiguration$JpaWebConfiguration : spring.jpa.open-in-view is enabled by default. Therefore, database queries may be performed during view rendering. Explicitly configure spring.jpa.open-in-view to disable this warning
2020-12-24 18:48:08.464  INFO 4116 --- [restartedMain] c.b.a.AddressBookApplication             : Started AddressBookApplication in 4.103 seconds (JVM running for 5.449)
2020-12-24 18:48:08.466  INFO 4116 --- [restartedMain] c.b.a.AddressBookApplication             : AddressBook Application Started in DEV Environment
2020-12-24 18:48:08.468  INFO 4116 --- [restartedMain] c.b.a.AddressBookApplication             : AddressBook DB User is addressbookuser Environment
2020-12-24 18:48:42.082  WARN 4116 --- [http-nio-8080-exec-1] .m.m.a.ExceptionHandlerExceptionResolver : Resolved [org.springframework.web.bind.MethodArgumentNotValidException: Validation failed for argument [0] in public org.springframework.http.ResponseEntity<com.bridgelabz.addressbookapp.dto.ResponseDTO> com.bridgelabz.addressbookapp.controllers.AddressBookController.addAddressBookContactData(com.bridgelabz.addressbookapp.dto.AddressBookDTO): [Field error in object 'addressBookDTO' on field 'zip': rejected value [22644]; codes [Pattern.addressBookDTO.zip,Pattern.zip,Pattern.java.lang.String,Pattern]; arguments [org.springframework.context.support.DefaultMessageSourceResolvable: codes [addressBookDTO.zip,zip]; arguments []; default message [zip],[Ljavax.validation.constraints.Pattern$Flag;@6930e84c,^[1-9]{1}[0-9]{5}$]; default message [Invalid Zip Code]] ]
2020-12-24 18:48:50.604  WARN 4116 --- [http-nio-8080-exec-4] .m.m.a.ExceptionHandlerExceptionResolver : Resolved [org.springframework.web.bind.MethodArgumentNotValidException: Validation failed for argument [0] in public org.springframework.http.ResponseEntity<com.bridgelabz.addressbookapp.dto.ResponseDTO> com.bridgelabz.addressbookapp.controllers.AddressBookController.addAddressBookContactData(com.bridgelabz.addressbookapp.dto.AddressBookDTO): [Field error in object 'addressBookDTO' on field 'state': rejected value []; codes [NotBlank.addressBookDTO.state,NotBlank.state,NotBlank.java.lang.String,NotBlank]; arguments [org.springframework.context.support.DefaultMessageSourceResolvable: codes [addressBookDTO.state,state]; arguments []; default message [state]]; default message [State cannot be Empty]] ]
2020-12-24 18:48:59.682  WARN 4116 --- [http-nio-8080-exec-6] .m.m.a.ExceptionHandlerExceptionResolver : Resolved [org.springframework.web.bind.MethodArgumentNotValidException: Validation failed for argument [0] in public org.springframework.http.ResponseEntity<com.bridgelabz.addressbookapp.dto.ResponseDTO> com.bridgelabz.addressbookapp.controllers.AddressBookController.addAddressBookContactData(com.bridgelabz.addressbookapp.dto.AddressBookDTO): [Field error in object 'addressBookDTO' on field 'city': rejected value []; codes [NotBlank.addressBookDTO.city,NotBlank.city,NotBlank.java.lang.String,NotBlank]; arguments [org.springframework.context.support.DefaultMessageSourceResolvable: codes [addressBookDTO.city,city]; arguments []; default message [city]]; default message [City cannot be Empty]] ]
